0 info it worked if it ends with ok
1 verbose cli [ '/home/noelials/.nvm/versions/node/v7.2.0/bin/node',
1 verbose cli   '/home/noelials/.nvm/versions/node/v7.2.0/bin/npm',
1 verbose cli   'start',
1 verbose cli   'main.js' ]
2 info using npm@3.10.9
3 info using node@v7.2.0
4 verbose stack Error: ENOENT: no such file or directory, open '/home/noelials/Desktop/Ironhack/3Module/1sem/lab-typescript/starter-code/iteration-1/package.json'
5 verbose cwd /home/noelials/Desktop/Ironhack/3Module/1sem/lab-typescript/starter-code/iteration-1
6 error Linux 4.13.0-36-generic
7 error argv "/home/noelials/.nvm/versions/node/v7.2.0/bin/node" "/home/noelials/.nvm/versions/node/v7.2.0/bin/npm" "start" "main.js"
8 error node v7.2.0
9 error npm  v3.10.9
10 error path /home/noelials/Desktop/Ironhack/3Module/1sem/lab-typescript/starter-code/iteration-1/package.json
11 error code ENOENT
12 error errno -2
13 error syscall open
14 error enoent ENOENT: no such file or directory, open '/home/noelials/Desktop/Ironhack/3Module/1sem/lab-typescript/starter-code/iteration-1/package.json'
15 error enoent ENOENT: no such file or directory, open '/home/noelials/Desktop/Ironhack/3Module/1sem/lab-typescript/starter-code/iteration-1/package.json'
15 error enoent This is most likely not a problem with npm itself
15 error enoent and is related to npm not being able to find a file.
16 verbose exit [ -2, true ]
