0 info it worked if it ends with ok
1 verbose cli [ '/usr/bin/nodejs',
1 verbose cli   '/usr/bin/npm',
1 verbose cli   'install',
1 verbose cli   'simplehttpserver',
1 verbose cli   '-g' ]
2 info using npm@2.15.11
3 info using node@v4.8.3
4 verbose install initial load of /usr/lib/package.json
5 verbose readDependencies loading dependencies from /usr/lib/package.json
6 silly cache add args [ 'simplehttpserver', null ]
7 verbose cache add spec simplehttpserver
8 silly cache add parsed spec Result {
8 silly cache add   raw: 'simplehttpserver',
8 silly cache add   scope: null,
8 silly cache add   name: 'simplehttpserver',
8 silly cache add   rawSpec: '',
8 silly cache add   spec: 'latest',
8 silly cache add   type: 'tag' }
9 silly addNamed simplehttpserver@latest
10 verbose addNamed "latest" is being treated as a dist-tag for simplehttpserver
11 info addNameTag [ 'simplehttpserver', 'latest' ]
12 silly mapToRegistry name simplehttpserver
13 silly mapToRegistry using default registry
14 silly mapToRegistry registry https://registry.npmjs.org/
15 silly mapToRegistry data Result {
15 silly mapToRegistry   raw: 'simplehttpserver',
15 silly mapToRegistry   scope: null,
15 silly mapToRegistry   name: 'simplehttpserver',
15 silly mapToRegistry   rawSpec: '',
15 silly mapToRegistry   spec: 'latest',
15 silly mapToRegistry   type: 'tag' }
16 silly mapToRegistry uri https://registry.npmjs.org/simplehttpserver
17 verbose addNameTag registry:https://registry.npmjs.org/simplehttpserver not in flight; fetching
18 verbose request uri https://registry.npmjs.org/simplehttpserver
19 verbose request no auth needed
20 info attempt registry request try #1 at 11:41:00 AM
21 verbose request id 20ab5f1e9648d7ce
22 verbose etag W/"586edba3-19cf"
23 verbose lastModified Thu, 05 Jan 2017 23:49:55 GMT
24 http request GET https://registry.npmjs.org/simplehttpserver
25 http 304 https://registry.npmjs.org/simplehttpserver
26 verbose headers { date: 'Sun, 11 Jun 2017 15:41:02 GMT',
26 verbose headers   via: '1.1 varnish',
26 verbose headers   'cache-control': 'max-age=300',
26 verbose headers   etag: 'W/"586edba3-19cf"',
26 verbose headers   age: '28',
26 verbose headers   connection: 'keep-alive',
26 verbose headers   'x-served-by': 'cache-atl6248-ATL',
26 verbose headers   'x-cache': 'HIT',
26 verbose headers   'x-cache-hits': '1',
26 verbose headers   'x-timer': 'S1497195662.193008,VS0,VE1',
26 verbose headers   vary: 'Accept-Encoding' }
27 silly get cb [ 304,
27 silly get   { date: 'Sun, 11 Jun 2017 15:41:02 GMT',
27 silly get     via: '1.1 varnish',
27 silly get     'cache-control': 'max-age=300',
27 silly get     etag: 'W/"586edba3-19cf"',
27 silly get     age: '28',
27 silly get     connection: 'keep-alive',
27 silly get     'x-served-by': 'cache-atl6248-ATL',
27 silly get     'x-cache': 'HIT',
27 silly get     'x-cache-hits': '1',
27 silly get     'x-timer': 'S1497195662.193008,VS0,VE1',
27 silly get     vary: 'Accept-Encoding' } ]
28 verbose etag https://registry.npmjs.org/simplehttpserver from cache
29 verbose get saving simplehttpserver to /home/jess/.npm/registry.npmjs.org/simplehttpserver/.cache.json
30 verbose correctMkdir /home/jess/.npm correctMkdir not in flight; initializing
31 silly addNameTag next cb for simplehttpserver with tag latest
32 silly addNamed simplehttpserver@0.0.6
33 verbose addNamed "0.0.6" is a plain semver version for simplehttpserver
34 silly cache afterAdd simplehttpserver@0.0.6
35 verbose afterAdd /home/jess/.npm/simplehttpserver/0.0.6/package/package.json not in flight; writing
36 verbose correctMkdir /home/jess/.npm correctMkdir not in flight; initializing
37 verbose afterAdd /home/jess/.npm/simplehttpserver/0.0.6/package/package.json written
38 silly install resolved [ { name: 'simplehttpserver',
38 silly install resolved     description: 'Simple HTTP Server for static files',
38 silly install resolved     author: { name: 'Teemu Ikonen', email: 'teemu.ikonen@ıki.fi' },
38 silly install resolved     version: '0.0.6',
38 silly install resolved     bin: { simplehttpserver: './cli.js' },
38 silly install resolved     engine: 'node >= 0.10.0',
38 silly install resolved     dependencies:
38 silly install resolved      { send: '0.13.x',
38 silly install resolved        express: '4.13.x',
38 silly install resolved        async: '0.7.x',
38 silly install resolved        morgan: '1.6.x',
38 silly install resolved        yargs: '4.4.x' },
38 silly install resolved     license: 'MIT',
38 silly install resolved     repository:
38 silly install resolved      { type: 'git',
38 silly install resolved        url: 'https://github.com/tikonen/blog/tree/master/simplehttpserver' },
38 silly install resolved     _id: 'simplehttpserver@0.0.6',
38 silly install resolved     scripts: {},
38 silly install resolved     _shasum: 'ed5535aaf4bef2f948c85c8e4f4c6dfb1c72ce2a',
38 silly install resolved     _from: 'simplehttpserver@latest',
38 silly install resolved     _npmVersion: '2.1.4',
38 silly install resolved     _nodeVersion: '4.4.0',
38 silly install resolved     _npmUser: { name: 'tikonen', email: 'teemu.ikonen@iki.fi' },
38 silly install resolved     maintainers: [ [Object] ],
38 silly install resolved     dist:
38 silly install resolved      { shasum: 'ed5535aaf4bef2f948c85c8e4f4c6dfb1c72ce2a',
38 silly install resolved        tarball: 'https://registry.npmjs.org/simplehttpserver/-/simplehttpserver-0.0.6.tgz' },
38 silly install resolved     _npmOperationalInternal:
38 silly install resolved      { host: 'packages-12-west.internal.npmjs.com',
38 silly install resolved        tmp: 'tmp/simplehttpserver-0.0.6.tgz_1460261807312_0.09667347767390311' },
38 silly install resolved     directories: {},
38 silly install resolved     _resolved: 'https://registry.npmjs.org/simplehttpserver/-/simplehttpserver-0.0.6.tgz',
38 silly install resolved     readme: 'ERROR: No README data found!' } ]
39 info install simplehttpserver@0.0.6 into /usr/lib
40 info installOne simplehttpserver@0.0.6
41 verbose installOne of simplehttpserver to /usr/lib not in flight; installing
42 verbose correctMkdir /home/jess/.npm/_locks correctMkdir not in flight; initializing
43 verbose lock using /home/jess/.npm/_locks/simplehttpserver-7372cd2d6ec6cca7.lock for /usr/lib/node_modules/simplehttpserver
44 silly install write writing simplehttpserver 0.0.6 to /usr/lib/node_modules/simplehttpserver
45 verbose unbuild lib/node_modules/simplehttpserver
46 silly gentlyRm /usr/lib/node_modules/simplehttpserver is being purged from base /usr
47 verbose gentlyRm don't care about contents; nuking /usr/lib/node_modules/simplehttpserver
48 verbose tar unpack /home/jess/.npm/simplehttpserver/0.0.6/package.tgz
49 verbose tar unpacking to /usr/lib/node_modules/simplehttpserver
50 silly gentlyRm /usr/lib/node_modules/simplehttpserver is being purged
51 verbose gentlyRm don't care about contents; nuking /usr/lib/node_modules/simplehttpserver
52 silly gunzTarPerm modes [ '775', '664' ]
53 error tar.unpack untar error /home/jess/.npm/simplehttpserver/0.0.6/package.tgz
54 verbose unlock done using /home/jess/.npm/_locks/simplehttpserver-7372cd2d6ec6cca7.lock for /usr/lib/node_modules/simplehttpserver
55 verbose fstream_path /usr/lib/node_modules/simplehttpserver
56 verbose fstream_type Directory
57 verbose fstream_class DirWriter
58 verbose stack Error: EACCES: permission denied, mkdir '/usr/lib/node_modules/simplehttpserver'
58 verbose stack     at Error (native)
59 verbose fstream_stack /usr/lib/node_modules/npm/node_modules/fstream/lib/dir-writer.js:35:25
59 verbose fstream_stack /usr/lib/node_modules/npm/node_modules/mkdirp/index.js:47:53
59 verbose fstream_stack FSReqWrap.oncomplete (fs.js:82:15)
60 verbose cwd /home/jess/Desktop/lab-typescript/starter-code
61 error Linux 4.4.0-79-generic
62 error argv "/usr/bin/nodejs" "/usr/bin/npm" "install" "simplehttpserver" "-g"
63 error node v4.8.3
64 error npm  v2.15.11
65 error path /usr/lib/node_modules/simplehttpserver
66 error code EACCES
67 error errno -13
68 error syscall mkdir
69 error Error: EACCES: permission denied, mkdir '/usr/lib/node_modules/simplehttpserver'
69 error     at Error (native)
69 error  { [Error: EACCES: permission denied, mkdir '/usr/lib/node_modules/simplehttpserver']
69 error   errno: -13,
69 error   code: 'EACCES',
69 error   syscall: 'mkdir',
69 error   path: '/usr/lib/node_modules/simplehttpserver',
69 error   fstream_type: 'Directory',
69 error   fstream_path: '/usr/lib/node_modules/simplehttpserver',
69 error   fstream_class: 'DirWriter',
69 error   fstream_stack:
69 error    [ '/usr/lib/node_modules/npm/node_modules/fstream/lib/dir-writer.js:35:25',
69 error      '/usr/lib/node_modules/npm/node_modules/mkdirp/index.js:47:53',
69 error      'FSReqWrap.oncomplete (fs.js:82:15)' ] }
70 error Please try running this command again as root/Administrator.
71 verbose exit [ -13, true ]
72 verbose unbuild lib/node_modules/simplehttpserver
73 silly gentlyRm /usr/lib/node_modules/simplehttpserver is being purged from base /usr
74 verbose gentlyRm don't care about contents; nuking /usr/lib/node_modules/simplehttpserver
